<?xml version="1.0" encoding="UTF-8"?>
<testsuite name="AxoBean.LibraryTest" tests="1" skipped="0" failures="0" errors="0" timestamp="2018-12-11T11:08:39" hostname="INW1PC07L0KB" time="0.005">
  <properties/>
  <testcase name="testSomeLibraryMethod" classname="AxoBean.LibraryTest" time="0.005"/>
  <system-out><![CDATA[]]></system-out>
  <system-err><![CDATA[]]></system-err>
</testsuite>
