<?xml version="1.0" encoding="UTF-8"?>
<!-- Generated by org.testng.reporters.JUnitReportReporter -->
<testsuite name="com.infa.axon.launcher.CucumberRunner" tests="1" time="10.056" ignored="0" failures="0" timestamp="12 Dec 2018 15:00:10 GMT" skipped="0" hostname="INW1PC07L0KB" errors="0">
  <testcase name="feature" time="10.056" classname="com.infa.axon.launcher.CucumberRunner"/>
</testsuite> <!-- com.infa.axon.launcher.CucumberRunner -->
