<?xml version="1.0" encoding="UTF-8"?>
<!-- Generated by org.testng.reporters.JUnitReportReporter -->
<testsuite name="com.axon.laucher.CucumberRunner" tests="1" time="4.160" ignored="0" failures="0" timestamp="12 Dec 2018 09:25:51 GMT" skipped="0" hostname="INW1PC07L0KB" errors="0">
  <testcase name="feature" time="4.160" classname="com.axon.laucher.CucumberRunner"/>
</testsuite> <!-- com.axon.laucher.CucumberRunner -->
